<?xml version="1.0" encoding="UTF-8"?>
<testsuite xmlns:xsi="http://www.w3.org/2001/XMLSchema-instance" xsi:noNamespaceSchemaLocation="https://maven.apache.org/surefire/maven-surefire-plugin/xsd/surefire-test-report.xsd" name="is.hi.eidurK.AppTest" time="0.083" tests="14" errors="0" skipped="0" failures="0">
  <properties>
[...]
</properties>
  <testcase name="isListofBorrowablesEmpty" classname="is.hi.eidurK.AppTest" time="0.005"/>
  <testcase name="isListofBooksNotEmpty" classname="is.hi.eidurK.AppTest" time="0"/>
  <testcase name="findBook" classname="is.hi.eidurK.AppTest" time="0.001"/>
  <testcase name="findUser" classname="is.hi.eidurK.AppTest" time="0.001"/>
  <testcase name="isListofUsersEmpty" classname="is.hi.eidurK.AppTest" time="0"/>
  <testcase name="addStudent" classname="is.hi.eidurK.AppTest" time="0.001"/>
  <testcase name="feeIsNotPaid" classname="is.hi.eidurK.AppTest" time="0"/>
  <testcase name="isListofLendingsEmpty" classname="is.hi.eidurK.AppTest" time="0.001"/>
  <testcase name="addBooksMethod" classname="is.hi.eidurK.AppTest" time="0"/>
  <testcase name="addLendings" classname="is.hi.eidurK.AppTest" time="0.017"/>
  <testcase name="feeIsPaid" classname="is.hi.eidurK.AppTest" time="0"/>
  <testcase name="isListofLendingsNotEmpty" classname="is.hi.eidurK.AppTest" time="0"/>
  <testcase name="isListofUsersNotEmpty" classname="is.hi.eidurK.AppTest" time="0.001"/>
  <testcase name="isListofAuthorsNotEmpty" classname="is.hi.eidurK.AppTest" time="0"/>
</testsuite>